2017-5-4 13:35:24 [INFO] Loading nukkit.yml...
2017-5-4 13:35:24 [INFO] Loading server properties...
2017-5-4 13:35:24 [INFO] 将 中文(简体) (chs) 设定为基本语言
2017-5-4 13:35:24 [INFO] 正在启动支持 Minecraft: PE v1.0.7 版本的服务器
2017-5-4 13:35:24 [INFO] 正在启动服务器在 0.0.0.0:19132
2017-5-4 13:35:24 [INFO] 此服务器正在运行 Nukkit 1.0dev 版本 "蘋果(Apple)派(Pie)" (API 1.0.0)
2017-5-4 13:35:24 [INFO] Nukkit 根据 LGPL 许可发行
2017-5-4 13:35:25 [INFO] Successfully loaded 0 resource packs
2017-5-4 13:35:25 [INFO] 读取中... FloatingText v1.0.0
2017-5-4 13:35:25 [INFO] 准备地图中... "world"
2017-5-4 13:35:25 [INFO] 开启中... FloatingText v1.0.0
2017-5-4 13:35:25 [INFO] 浮空粒子插件开启
2017-5-4 13:35:25 [INFO] 启动 GS4 状态监听器
2017-5-4 13:35:25 [INFO] 将 Query 端口设定为 19132
2017-5-4 13:35:25 [INFO] Query 运行在 0.0.0.0:19132
2017-5-4 13:35:25 [INFO] 默认的游戏模式为：生存模式
2017-5-4 13:35:25 [INFO] 启动完成 (1.9s)！如需帮助，请输入 "help" 或 "?"
2017-5-4 13:35:36 [INFO] zixuan[/192.168.4.103:64099] 登入游戏，实体 ID 为 1，坐标位于 (world, 108.5279, 28.0, 174.9904)
2017-5-4 13:35:38 [INFO] zixuan 加入了游戏
2017-5-4 13:36:03 [WARNING] zixuan 行动可疑！
2017-5-4 13:36:03 [WARNING] zixuan 行动可疑！
2017-5-4 13:36:07 [WARNING] zixuan 行动可疑！
2017-5-4 13:36:07 [WARNING] zixuan 行动可疑！
2017-5-4 13:36:08 [WARNING] zixuan 行动可疑！
2017-5-4 13:36:21 [INFO] zixuan 试图在岩浆里游泳
2017-5-4 13:36:31 [INFO] zixuan 死了
2017-5-4 13:36:51 [WARNING] zixuan 行动可疑！
2017-5-4 13:37:05 [WARNING] zixuan 行动可疑！
2017-5-4 13:37:33 [INFO] zixuan 离开了游戏
2017-5-4 13:37:33 [INFO] zixuan[/192.168.4.103:64099] 登出游戏，原因： client disconnect
