2017-7-25 19:34:45 [INFO] Loading nukkit.yml...
2017-7-25 19:34:45 [INFO] Loading server properties...
2017-7-25 19:34:45 [INFO] 将 中文(简体) (chs) 设定为基本语言
2017-7-25 19:34:45 [INFO] 正在启动支持 Minecraft: PE v1.1.3 版本的服务器
2017-7-25 19:34:45 [INFO] 正在启动服务器在 0.0.0.0:19132
2017-7-25 19:34:46 [INFO] 此服务器正在运行 Nukkit 1.0dev 版本 "蘋果(Apple)派(Pie)" (API 1.0.0)
2017-7-25 19:34:46 [INFO] Nukkit 根据 LGPL 许可发行
2017-7-25 19:34:46 [INFO] Successfully loaded 0 resource packs
2017-7-25 19:34:46 [ERROR] 无法读取插件 'ZFloatingText'：已有相同插件
2017-7-25 19:34:46 [INFO] 读取中... ZFloatingText v1.0.0
2017-7-25 19:34:46 [INFO] 准备地图中... "world"
2017-7-25 19:34:47 [INFO] 开启中... ZFloatingText v1.0.0
2017-7-25 19:34:47 [INFO] 浮空粒子插件开启
2017-7-25 19:34:47 [INFO] 启动 GS4 状态监听器
2017-7-25 19:34:47 [INFO] 将 Query 端口设定为 19132
2017-7-25 19:34:47 [INFO] Query 运行在 0.0.0.0:19132
2017-7-25 19:34:47 [INFO] 默认的游戏模式为：生存模式
2017-7-25 19:34:47 [INFO] 启动完成 (4.139s)！如需帮助，请输入 "help" 或 "?"
2017-7-25 19:34:50 [CRITICAL] **** FAILED TO BIND TO 0.0.0.0:19132!
2017-7-25 19:34:50 [CRITICAL] Perhaps a server is already running on that port?
