2017-7-25 19:36:46 [INFO] Loading nukkit.yml...
2017-7-25 19:36:46 [INFO] Loading server properties...
2017-7-25 19:36:46 [INFO] 将 中文(简体) (chs) 设定为基本语言
2017-7-25 19:36:46 [INFO] 正在启动支持 Minecraft: PE v1.1.3 版本的服务器
2017-7-25 19:36:46 [INFO] 正在启动服务器在 0.0.0.0:19132
2017-7-25 19:36:46 [INFO] 此服务器正在运行 Nukkit 1.0dev 版本 "蘋果(Apple)派(Pie)" (API 1.0.0)
2017-7-25 19:36:46 [INFO] Nukkit 根据 LGPL 许可发行
2017-7-25 19:36:47 [INFO] Successfully loaded 0 resource packs
2017-7-25 19:36:47 [INFO] 读取中... ZFloatingText v1.0.0
2017-7-25 19:36:47 [INFO] 准备地图中... "world"
2017-7-25 19:36:47 [INFO] 开启中... ZFloatingText v1.0.0
2017-7-25 19:36:47 [INFO] 浮空粒子插件开启
2017-7-25 19:36:47 [INFO] 启动 GS4 状态监听器
2017-7-25 19:36:47 [INFO] 将 Query 端口设定为 19132
2017-7-25 19:36:47 [INFO] Query 运行在 0.0.0.0:19132
2017-7-25 19:36:47 [INFO] 默认的游戏模式为：生存模式
2017-7-25 19:36:47 [INFO] 启动完成 (3.42s)！如需帮助，请输入 "help" 或 "?"
2017-7-25 19:37:02 [INFO] zixuan[/192.168.1.101:57077] 登入游戏，实体 ID 为 1，坐标位于 (world, 95.1339, 14.0, 142.3)
2017-7-25 19:37:03 [INFO] zixuan 加入了游戏
2017-7-25 19:38:03 [INFO] [zixuan: 正在关闭服务器]
2017-7-25 19:38:03 [INFO] 关闭中... ZFloatingText v1.0.0
2017-7-25 19:38:03 [INFO] zixuan 离开了游戏
2017-7-25 19:38:03 [INFO] zixuan[/192.168.1.101:57077] 登出游戏，原因： 服务器已关闭
2017-7-25 19:38:03 [INFO] 正在移除地图 "world"
2017-7-25 19:38:04 [INFO] Stopping other threads
