2017-5-3 20:34:38 [INFO] Loading nukkit.yml...
2017-5-3 20:34:39 [INFO] Loading server properties...
2017-5-3 20:34:39 [INFO] 将 中文(简体) (chs) 设定为基本语言
2017-5-3 20:34:39 [INFO] 正在启动支持 Minecraft: PE v1.0.7 版本的服务器
2017-5-3 20:34:39 [INFO] 正在启动服务器在 0.0.0.0:19132
2017-5-3 20:34:39 [INFO] 此服务器正在运行 Nukkit 1.0dev 版本 "蘋果(Apple)派(Pie)" (API 1.0.0)
2017-5-3 20:34:39 [INFO] Nukkit 根据 LGPL 许可发行
2017-5-3 20:34:39 [INFO] Successfully loaded 0 resource packs
2017-5-3 20:34:39 [INFO] 读取中... FloatingText v1.0.0
2017-5-3 20:34:40 [INFO] 准备地图中... "world"
2017-5-3 20:34:40 [INFO] 开启中... FloatingText v1.0.0
2017-5-3 20:34:40 [INFO] 浮空粒子插件开启
2017-5-3 20:34:40 [INFO] 启动 GS4 状态监听器
2017-5-3 20:34:40 [INFO] 将 Query 端口设定为 19132
2017-5-3 20:34:40 [INFO] Query 运行在 0.0.0.0:19132
2017-5-3 20:34:40 [INFO] 默认的游戏模式为：生存模式
2017-5-3 20:34:40 [INFO] 启动完成 (1.759s)！如需帮助，请输入 "help" 或 "?"
2017-5-3 20:34:51 [INFO] zixuan[/192.168.31.133:63207] 登入游戏，实体 ID 为 1，坐标位于 (world, 128.0, 29.0, 128.0)
2017-5-3 20:35:01 [INFO] zixuan 加入了游戏
2017-5-3 20:35:13 [WARNING] zixuan 行动可疑！
2017-5-3 20:35:16 [WARNING] zixuan 行动可疑！
2017-5-3 20:35:17 [WARNING] zixuan 行动可疑！
2017-5-3 20:35:18 [WARNING] zixuan 行动可疑！
2017-5-3 20:35:28 [WARNING] zixuan 行动可疑！
2017-5-3 20:35:28 [WARNING] zixuan 行动可疑！
2017-5-3 20:35:30 [WARNING] zixuan 行动可疑！
2017-5-3 20:35:32 [WARNING] zixuan 行动可疑！
2017-5-3 20:35:35 [WARNING] zixuan 行动可疑！
2017-5-3 20:35:46 [INFO] zixuan 离开了游戏
2017-5-3 20:35:46 [INFO] zixuan[/192.168.31.133:63207] 登出游戏，原因： client disconnect
