2017-5-3 20:25:42 [INFO] Loading nukkit.yml...
2017-5-3 20:25:42 [INFO] Loading server properties...
2017-5-3 20:25:42 [INFO] 将 中文(简体) (chs) 设定为基本语言
2017-5-3 20:25:42 [INFO] 正在启动支持 Minecraft: PE v1.0.7 版本的服务器
2017-5-3 20:25:42 [INFO] 正在启动服务器在 0.0.0.0:19132
2017-5-3 20:25:42 [INFO] 此服务器正在运行 Nukkit 1.0dev 版本 "蘋果(Apple)派(Pie)" (API 1.0.0)
2017-5-3 20:25:42 [INFO] Nukkit 根据 LGPL 许可发行
2017-5-3 20:25:43 [INFO] Successfully loaded 0 resource packs
2017-5-3 20:25:43 [INFO] 读取中... FloatingText v1.0.0
2017-5-3 20:25:43 [INFO] 准备地图中... "world"
2017-5-3 20:25:43 [INFO] 开启中... FloatingText v1.0.0
2017-5-3 20:25:43 [INFO] 浮空粒子插件开启
2017-5-3 20:25:44 [INFO] 启动 GS4 状态监听器
2017-5-3 20:25:44 [INFO] 将 Query 端口设定为 19132
2017-5-3 20:25:44 [INFO] Query 运行在 0.0.0.0:19132
2017-5-3 20:25:44 [INFO] 默认的游戏模式为：生存模式
2017-5-3 20:25:44 [INFO] 启动完成 (2.652s)！如需帮助，请输入 "help" 或 "?"
2017-5-3 20:26:08 [NOTICE] 无法找到玩家数据 "zixuan"，正在创建新的数据
2017-5-3 20:26:08 [INFO] zixuan[/192.168.31.133:63207] 登入游戏，实体 ID 为 1，坐标位于 (world, 128.0, 70.0, 128.0)
2017-5-3 20:26:18 [INFO] zixuan 加入了游戏
2017-5-3 20:26:23 [WARNING] zixuan 行动可疑！
2017-5-3 20:26:28 [WARNING] zixuan 行动可疑！
2017-5-3 20:26:33 [WARNING] zixuan 行动可疑！
2017-5-3 20:26:34 [WARNING] zixuan 行动可疑！
2017-5-3 20:26:35 [WARNING] zixuan 行动可疑！
2017-5-3 20:26:35 [WARNING] zixuan 行动可疑！
2017-5-3 20:26:36 [WARNING] zixuan 行动可疑！
2017-5-3 20:26:36 [WARNING] zixuan 行动可疑！
2017-5-3 20:26:50 [WARNING] zixuan 行动可疑！
2017-5-3 20:26:54 [WARNING] zixuan 行动可疑！
2017-5-3 20:26:55 [WARNING] zixuan 行动可疑！
2017-5-3 20:26:58 [WARNING] zixuan 行动可疑！
2017-5-3 20:27:13 [WARNING] zixuan 行动可疑！
2017-5-3 20:27:15 [WARNING] zixuan 行动可疑！
2017-5-3 20:27:29 [INFO] zixuan 离开了游戏
2017-5-3 20:27:29 [INFO] zixuan[/192.168.31.133:63207] 登出游戏，原因： client disconnect
